2016-02-24 18:08:27 0 [Warning] TIMESTAMP with implicit DEFAULT value is deprecated. Please use --explicit_defaults_for_timestamp server option (see documentation for more details).
2016-02-24 18:08:27 0 [Note] /Users/zucatti/ob/bin/mysql/bin/mysqld (mysqld 5.6.27) starting as process 26604 ...
2016-02-24 18:08:27 26604 [Warning] Setting lower_case_table_names=2 because file system for /Users/zucatti/ob/bin/mysql/data/ is case insensitive
2016-02-24 18:08:27 26604 [Note] InnoDB: Using atomics to ref count buffer pool pages
2016-02-24 18:08:27 26604 [Note] InnoDB: The InnoDB memory heap is disabled
2016-02-24 18:08:27 26604 [Note] InnoDB: Mutexes and rw_locks use GCC atomic builtins
2016-02-24 18:08:27 26604 [Note] InnoDB: Memory barrier is not used
2016-02-24 18:08:27 26604 [Note] InnoDB: Compressed tables use zlib 1.2.3
2016-02-24 18:08:27 26604 [Note] InnoDB: Using CPU crc32 instructions
2016-02-24 18:08:27 26604 [Note] InnoDB: Initializing buffer pool, size = 128.0M
2016-02-24 18:08:27 26604 [Note] InnoDB: Completed initialization of buffer pool
2016-02-24 18:08:27 26604 [ERROR] InnoDB: Unable to lock ./ibdata1, error: 35
2016-02-24 18:08:27 26604 [Note] InnoDB: Check that you do not already have another mysqld process using the same InnoDB data or log files.
2016-02-24 18:08:27 26604 [Note] InnoDB: Retrying to lock the first data file
2016-02-24 18:08:28 26604 [ERROR] InnoDB: Unable to lock ./ibdata1, error: 35
2016-02-24 18:08:28 26604 [Note] InnoDB: Check that you do not already have another mysqld process using the same InnoDB data or log files.
2016-02-24 18:08:29 26604 [ERROR] InnoDB: Unable to lock ./ibdata1, error: 35
2016-02-24 18:08:29 26604 [Note] InnoDB: Check that you do not already have another mysqld process using the same InnoDB data or log files.
2016-02-24 18:08:30 26604 [ERROR] InnoDB: Unable to lock ./ibdata1, error: 35
2016-02-24 18:08:30 26604 [Note] InnoDB: Check that you do not already have another mysqld process using the same InnoDB data or log files.
2016-02-24 18:08:31 26604 [ERROR] InnoDB: Unable to lock ./ibdata1, error: 35
2016-02-24 18:08:31 26604 [Note] InnoDB: Check that you do not already have another mysqld process using the same InnoDB data or log files.
2016-02-24 18:08:32 26604 [ERROR] InnoDB: Unable to lock ./ibdata1, error: 35
2016-02-24 18:08:32 26604 [Note] InnoDB: Check that you do not already have another mysqld process using the same InnoDB data or log files.
2016-02-24 18:08:33 26604 [ERROR] InnoDB: Unable to lock ./ibdata1, error: 35
2016-02-24 18:08:33 26604 [Note] InnoDB: Check that you do not already have another mysqld process using the same InnoDB data or log files.
2016-02-24 18:08:34 26604 [ERROR] InnoDB: Unable to lock ./ibdata1, error: 35
2016-02-24 18:08:34 26604 [Note] InnoDB: Check that you do not already have another mysqld process using the same InnoDB data or log files.
2016-02-24 18:08:35 26604 [ERROR] InnoDB: Unable to lock ./ibdata1, error: 35
2016-02-24 18:08:35 26604 [Note] InnoDB: Check that you do not already have another mysqld process using the same InnoDB data or log files.
2016-02-24 18:08:36 26604 [ERROR] InnoDB: Unable to lock ./ibdata1, error: 35
2016-02-24 18:08:36 26604 [Note] InnoDB: Check that you do not already have another mysqld process using the same InnoDB data or log files.
2016-02-24 18:08:37 26604 [ERROR] InnoDB: Unable to lock ./ibdata1, error: 35
2016-02-24 18:08:37 26604 [Note] InnoDB: Check that you do not already have another mysqld process using the same InnoDB data or log files.
2016-02-24 18:08:38 26604 [ERROR] InnoDB: Unable to lock ./ibdata1, error: 35
2016-02-24 18:08:38 26604 [Note] InnoDB: Check that you do not already have another mysqld process using the same InnoDB data or log files.
2016-02-24 18:08:39 26604 [ERROR] InnoDB: Unable to lock ./ibdata1, error: 35
2016-02-24 18:08:39 26604 [Note] InnoDB: Check that you do not already have another mysqld process using the same InnoDB data or log files.
2016-02-24 18:08:40 26604 [ERROR] InnoDB: Unable to lock ./ibdata1, error: 35
2016-02-24 18:08:40 26604 [Note] InnoDB: Check that you do not already have another mysqld process using the same InnoDB data or log files.
2016-02-24 18:08:41 26604 [ERROR] InnoDB: Unable to lock ./ibdata1, error: 35
2016-02-24 18:08:41 26604 [Note] InnoDB: Check that you do not already have another mysqld process using the same InnoDB data or log files.
2016-02-24 18:08:42 26604 [ERROR] InnoDB: Unable to lock ./ibdata1, error: 35
2016-02-24 18:08:42 26604 [Note] InnoDB: Check that you do not already have another mysqld process using the same InnoDB data or log files.
2016-02-24 18:08:43 26604 [ERROR] InnoDB: Unable to lock ./ibdata1, error: 35
2016-02-24 18:08:43 26604 [Note] InnoDB: Check that you do not already have another mysqld process using the same InnoDB data or log files.
2016-02-24 18:08:44 26604 [ERROR] InnoDB: Unable to lock ./ibdata1, error: 35
2016-02-24 18:08:44 26604 [Note] InnoDB: Check that you do not already have another mysqld process using the same InnoDB data or log files.
2016-02-24 18:08:45 26604 [ERROR] InnoDB: Unable to lock ./ibdata1, error: 35
2016-02-24 18:08:45 26604 [Note] InnoDB: Check that you do not already have another mysqld process using the same InnoDB data or log files.
2016-02-24 18:08:46 26604 [ERROR] InnoDB: Unable to lock ./ibdata1, error: 35
2016-02-24 18:08:46 26604 [Note] InnoDB: Check that you do not already have another mysqld process using the same InnoDB data or log files.
2016-02-24 18:08:47 26604 [ERROR] InnoDB: Unable to lock ./ibdata1, error: 35
2016-02-24 18:08:47 26604 [Note] InnoDB: Check that you do not already have another mysqld process using the same InnoDB data or log files.
2016-02-24 18:08:48 26604 [ERROR] InnoDB: Unable to lock ./ibdata1, error: 35
2016-02-24 18:08:48 26604 [Note] InnoDB: Check that you do not already have another mysqld process using the same InnoDB data or log files.
2016-02-24 18:08:49 26604 [ERROR] InnoDB: Unable to lock ./ibdata1, error: 35
2016-02-24 18:08:49 26604 [Note] InnoDB: Check that you do not already have another mysqld process using the same InnoDB data or log files.
2016-02-24 18:08:50 26604 [ERROR] InnoDB: Unable to lock ./ibdata1, error: 35
2016-02-24 18:08:50 26604 [Note] InnoDB: Check that you do not already have another mysqld process using the same InnoDB data or log files.
2016-02-24 18:08:51 26604 [ERROR] InnoDB: Unable to lock ./ibdata1, error: 35
2016-02-24 18:08:51 26604 [Note] InnoDB: Check that you do not already have another mysqld process using the same InnoDB data or log files.
2016-02-24 18:08:52 26604 [ERROR] InnoDB: Unable to lock ./ibdata1, error: 35
2016-02-24 18:08:52 26604 [Note] InnoDB: Check that you do not already have another mysqld process using the same InnoDB data or log files.
2016-02-24 18:08:53 26604 [ERROR] InnoDB: Unable to lock ./ibdata1, error: 35
2016-02-24 18:08:53 26604 [Note] InnoDB: Check that you do not already have another mysqld process using the same InnoDB data or log files.
2016-02-24 18:08:54 26604 [ERROR] InnoDB: Unable to lock ./ibdata1, error: 35
2016-02-24 18:08:54 26604 [Note] InnoDB: Check that you do not already have another mysqld process using the same InnoDB data or log files.
2016-02-24 18:08:55 26604 [ERROR] InnoDB: Unable to lock ./ibdata1, error: 35
2016-02-24 18:08:55 26604 [Note] InnoDB: Check that you do not already have another mysqld process using the same InnoDB data or log files.
2016-02-24 18:08:56 26604 [ERROR] InnoDB: Unable to lock ./ibdata1, error: 35
2016-02-24 18:08:56 26604 [Note] InnoDB: Check that you do not already have another mysqld process using the same InnoDB data or log files.
2016-02-24 18:08:57 26604 [ERROR] InnoDB: Unable to lock ./ibdata1, error: 35
2016-02-24 18:08:57 26604 [Note] InnoDB: Check that you do not already have another mysqld process using the same InnoDB data or log files.
2016-02-24 18:08:58 26604 [ERROR] InnoDB: Unable to lock ./ibdata1, error: 35
2016-02-24 18:08:58 26604 [Note] InnoDB: Check that you do not already have another mysqld process using the same InnoDB data or log files.
2016-02-24 18:08:59 26604 [ERROR] InnoDB: Unable to lock ./ibdata1, error: 35
2016-02-24 18:08:59 26604 [Note] InnoDB: Check that you do not already have another mysqld process using the same InnoDB data or log files.
2016-02-24 18:09:00 26604 [ERROR] InnoDB: Unable to lock ./ibdata1, error: 35
2016-02-24 18:09:00 26604 [Note] InnoDB: Check that you do not already have another mysqld process using the same InnoDB data or log files.
2016-02-24 18:09:01 26604 [ERROR] InnoDB: Unable to lock ./ibdata1, error: 35
2016-02-24 18:09:01 26604 [Note] InnoDB: Check that you do not already have another mysqld process using the same InnoDB data or log files.
2016-02-24 18:09:02 26604 [ERROR] InnoDB: Unable to lock ./ibdata1, error: 35
2016-02-24 18:09:02 26604 [Note] InnoDB: Check that you do not already have another mysqld process using the same InnoDB data or log files.
2016-02-24 18:09:03 26604 [ERROR] InnoDB: Unable to lock ./ibdata1, error: 35
2016-02-24 18:09:03 26604 [Note] InnoDB: Check that you do not already have another mysqld process using the same InnoDB data or log files.
2016-02-24 18:09:04 26604 [ERROR] InnoDB: Unable to lock ./ibdata1, error: 35
2016-02-24 18:09:04 26604 [Note] InnoDB: Check that you do not already have another mysqld process using the same InnoDB data or log files.
2016-02-24 18:09:05 26604 [ERROR] InnoDB: Unable to lock ./ibdata1, error: 35
2016-02-24 18:09:05 26604 [Note] InnoDB: Check that you do not already have another mysqld process using the same InnoDB data or log files.
2016-02-24 18:09:06 26604 [ERROR] InnoDB: Unable to lock ./ibdata1, error: 35
2016-02-24 18:09:06 26604 [Note] InnoDB: Check that you do not already have another mysqld process using the same InnoDB data or log files.
2016-02-24 18:09:07 26604 [ERROR] InnoDB: Unable to lock ./ibdata1, error: 35
2016-02-24 18:09:07 26604 [Note] InnoDB: Check that you do not already have another mysqld process using the same InnoDB data or log files.
2016-02-24 18:09:08 26604 [ERROR] InnoDB: Unable to lock ./ibdata1, error: 35
2016-02-24 18:09:08 26604 [Note] InnoDB: Check that you do not already have another mysqld process using the same InnoDB data or log files.
2016-02-24 18:09:09 26604 [ERROR] InnoDB: Unable to lock ./ibdata1, error: 35
2016-02-24 18:09:09 26604 [Note] InnoDB: Check that you do not already have another mysqld process using the same InnoDB data or log files.
2016-02-24 18:09:10 26604 [ERROR] InnoDB: Unable to lock ./ibdata1, error: 35
2016-02-24 18:09:10 26604 [Note] InnoDB: Check that you do not already have another mysqld process using the same InnoDB data or log files.
2016-02-24 18:09:11 26604 [ERROR] InnoDB: Unable to lock ./ibdata1, error: 35
2016-02-24 18:09:11 26604 [Note] InnoDB: Check that you do not already have another mysqld process using the same InnoDB data or log files.
2016-02-24 18:09:12 26604 [ERROR] InnoDB: Unable to lock ./ibdata1, error: 35
2016-02-24 18:09:12 26604 [Note] InnoDB: Check that you do not already have another mysqld process using the same InnoDB data or log files.
2016-02-24 18:09:13 26604 [ERROR] InnoDB: Unable to lock ./ibdata1, error: 35
2016-02-24 18:09:13 26604 [Note] InnoDB: Check that you do not already have another mysqld process using the same InnoDB data or log files.
2016-02-24 18:09:14 26604 [ERROR] InnoDB: Unable to lock ./ibdata1, error: 35
2016-02-24 18:09:14 26604 [Note] InnoDB: Check that you do not already have another mysqld process using the same InnoDB data or log files.
2016-02-24 18:09:15 26604 [ERROR] InnoDB: Unable to lock ./ibdata1, error: 35
2016-02-24 18:09:15 26604 [Note] InnoDB: Check that you do not already have another mysqld process using the same InnoDB data or log files.
2016-02-24 18:09:16 26604 [ERROR] InnoDB: Unable to lock ./ibdata1, error: 35
2016-02-24 18:09:16 26604 [Note] InnoDB: Check that you do not already have another mysqld process using the same InnoDB data or log files.
2016-02-24 18:09:17 26604 [ERROR] InnoDB: Unable to lock ./ibdata1, error: 35
2016-02-24 18:09:17 26604 [Note] InnoDB: Check that you do not already have another mysqld process using the same InnoDB data or log files.
2016-02-24 18:09:18 26604 [ERROR] InnoDB: Unable to lock ./ibdata1, error: 35
2016-02-24 18:09:18 26604 [Note] InnoDB: Check that you do not already have another mysqld process using the same InnoDB data or log files.
2016-02-24 18:09:19 26604 [ERROR] InnoDB: Unable to lock ./ibdata1, error: 35
2016-02-24 18:09:19 26604 [Note] InnoDB: Check that you do not already have another mysqld process using the same InnoDB data or log files.
2016-02-24 18:09:20 26604 [ERROR] InnoDB: Unable to lock ./ibdata1, error: 35
2016-02-24 18:09:20 26604 [Note] InnoDB: Check that you do not already have another mysqld process using the same InnoDB data or log files.
2016-02-24 18:09:21 26604 [ERROR] InnoDB: Unable to lock ./ibdata1, error: 35
2016-02-24 18:09:21 26604 [Note] InnoDB: Check that you do not already have another mysqld process using the same InnoDB data or log files.
2016-02-24 18:09:22 26604 [ERROR] InnoDB: Unable to lock ./ibdata1, error: 35
2016-02-24 18:09:22 26604 [Note] InnoDB: Check that you do not already have another mysqld process using the same InnoDB data or log files.
2016-02-24 18:09:23 26604 [ERROR] InnoDB: Unable to lock ./ibdata1, error: 35
2016-02-24 18:09:23 26604 [Note] InnoDB: Check that you do not already have another mysqld process using the same InnoDB data or log files.
2016-02-24 18:09:24 26604 [ERROR] InnoDB: Unable to lock ./ibdata1, error: 35
2016-02-24 18:09:24 26604 [Note] InnoDB: Check that you do not already have another mysqld process using the same InnoDB data or log files.
2016-02-24 18:09:25 26604 [ERROR] InnoDB: Unable to lock ./ibdata1, error: 35
2016-02-24 18:09:25 26604 [Note] InnoDB: Check that you do not already have another mysqld process using the same InnoDB data or log files.
2016-02-24 18:09:26 26604 [ERROR] InnoDB: Unable to lock ./ibdata1, error: 35
2016-02-24 18:09:26 26604 [Note] InnoDB: Check that you do not already have another mysqld process using the same InnoDB data or log files.
2016-02-24 18:09:27 26604 [ERROR] InnoDB: Unable to lock ./ibdata1, error: 35
2016-02-24 18:09:27 26604 [Note] InnoDB: Check that you do not already have another mysqld process using the same InnoDB data or log files.
2016-02-24 18:09:28 26604 [ERROR] InnoDB: Unable to lock ./ibdata1, error: 35
2016-02-24 18:09:28 26604 [Note] InnoDB: Check that you do not already have another mysqld process using the same InnoDB data or log files.
2016-02-24 18:09:29 26604 [ERROR] InnoDB: Unable to lock ./ibdata1, error: 35
2016-02-24 18:09:29 26604 [Note] InnoDB: Check that you do not already have another mysqld process using the same InnoDB data or log files.
2016-02-24 18:09:30 26604 [ERROR] InnoDB: Unable to lock ./ibdata1, error: 35
2016-02-24 18:09:30 26604 [Note] InnoDB: Check that you do not already have another mysqld process using the same InnoDB data or log files.
2016-02-24 18:09:31 26604 [ERROR] InnoDB: Unable to lock ./ibdata1, error: 35
2016-02-24 18:09:31 26604 [Note] InnoDB: Check that you do not already have another mysqld process using the same InnoDB data or log files.
2016-02-24 18:09:32 26604 [ERROR] InnoDB: Unable to lock ./ibdata1, error: 35
2016-02-24 18:09:32 26604 [Note] InnoDB: Check that you do not already have another mysqld process using the same InnoDB data or log files.
2016-02-24 18:09:33 26604 [ERROR] InnoDB: Unable to lock ./ibdata1, error: 35
2016-02-24 18:09:33 26604 [Note] InnoDB: Check that you do not already have another mysqld process using the same InnoDB data or log files.
2016-02-24 18:09:34 26604 [ERROR] InnoDB: Unable to lock ./ibdata1, error: 35
2016-02-24 18:09:34 26604 [Note] InnoDB: Check that you do not already have another mysqld process using the same InnoDB data or log files.
2016-02-24 18:09:35 26604 [ERROR] InnoDB: Unable to lock ./ibdata1, error: 35
2016-02-24 18:09:35 26604 [Note] InnoDB: Check that you do not already have another mysqld process using the same InnoDB data or log files.
2016-02-24 18:09:36 26604 [ERROR] InnoDB: Unable to lock ./ibdata1, error: 35
2016-02-24 18:09:36 26604 [Note] InnoDB: Check that you do not already have another mysqld process using the same InnoDB data or log files.
2016-02-24 18:09:37 26604 [ERROR] InnoDB: Unable to lock ./ibdata1, error: 35
2016-02-24 18:09:37 26604 [Note] InnoDB: Check that you do not already have another mysqld process using the same InnoDB data or log files.
2016-02-24 18:09:38 26604 [ERROR] InnoDB: Unable to lock ./ibdata1, error: 35
2016-02-24 18:09:38 26604 [Note] InnoDB: Check that you do not already have another mysqld process using the same InnoDB data or log files.
2016-02-24 18:09:39 26604 [ERROR] InnoDB: Unable to lock ./ibdata1, error: 35
2016-02-24 18:09:39 26604 [Note] InnoDB: Check that you do not already have another mysqld process using the same InnoDB data or log files.
2016-02-24 18:09:40 26604 [ERROR] InnoDB: Unable to lock ./ibdata1, error: 35
2016-02-24 18:09:40 26604 [Note] InnoDB: Check that you do not already have another mysqld process using the same InnoDB data or log files.
2016-02-24 18:09:41 26604 [ERROR] InnoDB: Unable to lock ./ibdata1, error: 35
2016-02-24 18:09:41 26604 [Note] InnoDB: Check that you do not already have another mysqld process using the same InnoDB data or log files.
2016-02-24 18:09:42 26604 [ERROR] InnoDB: Unable to lock ./ibdata1, error: 35
2016-02-24 18:09:42 26604 [Note] InnoDB: Check that you do not already have another mysqld process using the same InnoDB data or log files.
2016-02-24 18:09:43 26604 [ERROR] InnoDB: Unable to lock ./ibdata1, error: 35
2016-02-24 18:09:43 26604 [Note] InnoDB: Check that you do not already have another mysqld process using the same InnoDB data or log files.
2016-02-24 18:09:44 26604 [ERROR] InnoDB: Unable to lock ./ibdata1, error: 35
2016-02-24 18:09:44 26604 [Note] InnoDB: Check that you do not already have another mysqld process using the same InnoDB data or log files.
2016-02-24 18:09:45 26604 [ERROR] InnoDB: Unable to lock ./ibdata1, error: 35
2016-02-24 18:09:45 26604 [Note] InnoDB: Check that you do not already have another mysqld process using the same InnoDB data or log files.
2016-02-24 18:09:46 26604 [ERROR] InnoDB: Unable to lock ./ibdata1, error: 35
2016-02-24 18:09:46 26604 [Note] InnoDB: Check that you do not already have another mysqld process using the same InnoDB data or log files.
2016-02-24 18:09:47 26604 [ERROR] InnoDB: Unable to lock ./ibdata1, error: 35
2016-02-24 18:09:47 26604 [Note] InnoDB: Check that you do not already have another mysqld process using the same InnoDB data or log files.
2016-02-24 18:09:48 26604 [ERROR] InnoDB: Unable to lock ./ibdata1, error: 35
2016-02-24 18:09:48 26604 [Note] InnoDB: Check that you do not already have another mysqld process using the same InnoDB data or log files.
2016-02-24 18:09:49 26604 [ERROR] InnoDB: Unable to lock ./ibdata1, error: 35
2016-02-24 18:09:49 26604 [Note] InnoDB: Check that you do not already have another mysqld process using the same InnoDB data or log files.
2016-02-24 18:09:50 26604 [ERROR] InnoDB: Unable to lock ./ibdata1, error: 35
2016-02-24 18:09:50 26604 [Note] InnoDB: Check that you do not already have another mysqld process using the same InnoDB data or log files.
2016-02-24 18:09:51 26604 [ERROR] InnoDB: Unable to lock ./ibdata1, error: 35
2016-02-24 18:09:51 26604 [Note] InnoDB: Check that you do not already have another mysqld process using the same InnoDB data or log files.
2016-02-24 18:09:52 26604 [ERROR] InnoDB: Unable to lock ./ibdata1, error: 35
2016-02-24 18:09:52 26604 [Note] InnoDB: Check that you do not already have another mysqld process using the same InnoDB data or log files.
2016-02-24 18:09:53 26604 [ERROR] InnoDB: Unable to lock ./ibdata1, error: 35
2016-02-24 18:09:53 26604 [Note] InnoDB: Check that you do not already have another mysqld process using the same InnoDB data or log files.
2016-02-24 18:09:54 26604 [ERROR] InnoDB: Unable to lock ./ibdata1, error: 35
2016-02-24 18:09:54 26604 [Note] InnoDB: Check that you do not already have another mysqld process using the same InnoDB data or log files.
2016-02-24 18:09:55 26604 [ERROR] InnoDB: Unable to lock ./ibdata1, error: 35
2016-02-24 18:09:55 26604 [Note] InnoDB: Check that you do not already have another mysqld process using the same InnoDB data or log files.
2016-02-24 18:09:56 26604 [ERROR] InnoDB: Unable to lock ./ibdata1, error: 35
2016-02-24 18:09:56 26604 [Note] InnoDB: Check that you do not already have another mysqld process using the same InnoDB data or log files.
2016-02-24 18:09:57 26604 [ERROR] InnoDB: Unable to lock ./ibdata1, error: 35
2016-02-24 18:09:57 26604 [Note] InnoDB: Check that you do not already have another mysqld process using the same InnoDB data or log files.
2016-02-24 18:09:58 26604 [ERROR] InnoDB: Unable to lock ./ibdata1, error: 35
2016-02-24 18:09:58 26604 [Note] InnoDB: Check that you do not already have another mysqld process using the same InnoDB data or log files.
2016-02-24 18:09:59 26604 [ERROR] InnoDB: Unable to lock ./ibdata1, error: 35
2016-02-24 18:09:59 26604 [Note] InnoDB: Check that you do not already have another mysqld process using the same InnoDB data or log files.
2016-02-24 18:10:00 26604 [ERROR] InnoDB: Unable to lock ./ibdata1, error: 35
2016-02-24 18:10:00 26604 [Note] InnoDB: Check that you do not already have another mysqld process using the same InnoDB data or log files.
2016-02-24 18:10:01 26604 [ERROR] InnoDB: Unable to lock ./ibdata1, error: 35
2016-02-24 18:10:01 26604 [Note] InnoDB: Check that you do not already have another mysqld process using the same InnoDB data or log files.
2016-02-24 18:10:02 26604 [ERROR] InnoDB: Unable to lock ./ibdata1, error: 35
2016-02-24 18:10:02 26604 [Note] InnoDB: Check that you do not already have another mysqld process using the same InnoDB data or log files.
2016-02-24 18:10:03 26604 [ERROR] InnoDB: Unable to lock ./ibdata1, error: 35
2016-02-24 18:10:03 26604 [Note] InnoDB: Check that you do not already have another mysqld process using the same InnoDB data or log files.
2016-02-24 18:10:04 26604 [ERROR] InnoDB: Unable to lock ./ibdata1, error: 35
2016-02-24 18:10:04 26604 [Note] InnoDB: Check that you do not already have another mysqld process using the same InnoDB data or log files.
2016-02-24 18:10:05 26604 [ERROR] InnoDB: Unable to lock ./ibdata1, error: 35
2016-02-24 18:10:05 26604 [Note] InnoDB: Check that you do not already have another mysqld process using the same InnoDB data or log files.
2016-02-24 18:10:06 26604 [ERROR] InnoDB: Unable to lock ./ibdata1, error: 35
2016-02-24 18:10:06 26604 [Note] InnoDB: Check that you do not already have another mysqld process using the same InnoDB data or log files.
2016-02-24 18:10:07 26604 [ERROR] InnoDB: Unable to lock ./ibdata1, error: 35
2016-02-24 18:10:07 26604 [Note] InnoDB: Check that you do not already have another mysqld process using the same InnoDB data or log files.
2016-02-24 18:10:07 26604 [Note] InnoDB: Unable to open the first data file
2016-02-24 18:10:07 7fff7280b000  InnoDB: Operating system error number 35 in a file operation.
InnoDB: Error number 35 means 'Resource temporarily unavailable'.
InnoDB: Some operating system error numbers are described at
InnoDB: http://dev.mysql.com/doc/refman/5.6/en/operating-system-error-codes.html
2016-02-24 18:10:07 26604 [ERROR] InnoDB: Can't open './ibdata1'
2016-02-24 18:10:07 26604 [ERROR] InnoDB: Could not open or create the system tablespace. If you tried to add new data files to the system tablespace, and it failed here, you should now edit innodb_data_file_path in my.cnf back to what it was, and remove the new ibdata files InnoDB created in this failed attempt. InnoDB only wrote those files full of zeros, but did not yet use them in any way. But be careful: do not remove old data files which contain your precious data!
2016-02-24 18:10:07 26604 [ERROR] Plugin 'InnoDB' init function returned error.
2016-02-24 18:10:07 26604 [ERROR] Plugin 'InnoDB' registration as a STORAGE ENGINE failed.
2016-02-24 18:10:07 26604 [ERROR] Unknown/unsupported storage engine: InnoDB
2016-02-24 18:10:07 26604 [ERROR] Aborting

2016-02-24 18:10:07 26604 [Note] Binlog end
2016-02-24 18:10:07 26604 [Note] Shutting down plugin 'partition'
2016-02-24 18:10:07 26604 [Note] Shutting down plugin 'PERFORMANCE_SCHEMA'
2016-02-24 18:10:07 26604 [Note] Shutting down plugin 'INNODB_SYS_DATAFILES'
2016-02-24 18:10:07 26604 [Note] Shutting down plugin 'INNODB_SYS_TABLESPACES'
2016-02-24 18:10:07 26604 [Note] Shutting down plugin 'INNODB_SYS_FOREIGN_COLS'
2016-02-24 18:10:07 26604 [Note] Shutting down plugin 'INNODB_SYS_FOREIGN'
2016-02-24 18:10:07 26604 [Note] Shutting down plugin 'INNODB_SYS_FIELDS'
2016-02-24 18:10:07 26604 [Note] Shutting down plugin 'INNODB_SYS_COLUMNS'
2016-02-24 18:10:07 26604 [Note] Shutting down plugin 'INNODB_SYS_INDEXES'
2016-02-24 18:10:07 26604 [Note] Shutting down plugin 'INNODB_SYS_TABLESTATS'
2016-02-24 18:10:07 26604 [Note] Shutting down plugin 'INNODB_SYS_TABLES'
2016-02-24 18:10:07 26604 [Note] Shutting down plugin 'INNODB_FT_INDEX_TABLE'
2016-02-24 18:10:07 26604 [Note] Shutting down plugin 'INNODB_FT_INDEX_CACHE'
2016-02-24 18:10:07 26604 [Note] Shutting down plugin 'INNODB_FT_CONFIG'
2016-02-24 18:10:07 26604 [Note] Shutting down plugin 'INNODB_FT_BEING_DELETED'
2016-02-24 18:10:07 26604 [Note] Shutting down plugin 'INNODB_FT_DELETED'
2016-02-24 18:10:07 26604 [Note] Shutting down plugin 'INNODB_FT_DEFAULT_STOPWORD'
2016-02-24 18:10:07 26604 [Note] Shutting down plugin 'INNODB_METRICS'
2016-02-24 18:10:07 26604 [Note] Shutting down plugin 'INNODB_BUFFER_POOL_STATS'
2016-02-24 18:10:07 26604 [Note] Shutting down plugin 'INNODB_BUFFER_PAGE_LRU'
2016-02-24 18:10:07 26604 [Note] Shutting down plugin 'INNODB_BUFFER_PAGE'
2016-02-24 18:10:07 26604 [Note] Shutting down plugin 'INNODB_CMP_PER_INDEX_RESET'
2016-02-24 18:10:07 26604 [Note] Shutting down plugin 'INNODB_CMP_PER_INDEX'
2016-02-24 18:10:07 26604 [Note] Shutting down plugin 'INNODB_CMPMEM_RESET'
2016-02-24 18:10:07 26604 [Note] Shutting down plugin 'INNODB_CMPMEM'
2016-02-24 18:10:07 26604 [Note] Shutting down plugin 'INNODB_CMP_RESET'
2016-02-24 18:10:07 26604 [Note] Shutting down plugin 'INNODB_CMP'
2016-02-24 18:10:07 26604 [Note] Shutting down plugin 'INNODB_LOCK_WAITS'
2016-02-24 18:10:07 26604 [Note] Shutting down plugin 'INNODB_LOCKS'
2016-02-24 18:10:07 26604 [Note] Shutting down plugin 'INNODB_TRX'
2016-02-24 18:10:07 26604 [Note] Shutting down plugin 'FEDERATED'
2016-02-24 18:10:07 26604 [Note] Shutting down plugin 'BLACKHOLE'
2016-02-24 18:10:07 26604 [Note] Shutting down plugin 'ARCHIVE'
2016-02-24 18:10:07 26604 [Note] Shutting down plugin 'MRG_MYISAM'
2016-02-24 18:10:07 26604 [Note] Shutting down plugin 'MyISAM'
2016-02-24 18:10:07 26604 [Note] Shutting down plugin 'MEMORY'
2016-02-24 18:10:07 26604 [Note] Shutting down plugin 'CSV'
2016-02-24 18:10:07 26604 [Note] Shutting down plugin 'sha256_password'
2016-02-24 18:10:07 26604 [Note] Shutting down plugin 'mysql_old_password'
2016-02-24 18:10:07 26604 [Note] Shutting down plugin 'mysql_native_password'
2016-02-24 18:10:07 26604 [Note] Shutting down plugin 'binlog'
2016-02-24 18:10:07 26604 [Note] /Users/zucatti/ob/bin/mysql/bin/mysqld: Shutdown complete

